01/24/2024 03:51:30 - [DEBUG] - [io.github.selcukes.core.listener.ResourceCleanupProvider.beforeSuite:33] - Test Suite Execution started...
01/24/2024 03:51:31 - [INFO] - [io.github.selcukes.core.driver.GridRunner.startSelenium:39] - Starting Selenium Server ...
01/24/2024 03:51:32 - [INFO] - [io.github.selcukes.core.grid.SeleniumService.start:86] - Starting selenium server: [java, -jar, /home/runner/work/selcukes-java/selcukes-java/selcukes-core/target/selenium-server.jar, standalone, --port, 19070, --selenium-manager, true]
01/24/2024 03:51:35 - [INFO] - [io.github.selcukes.core.grid.SeleniumService.start:92] - Selenium Server is ready...
01/24/2024 03:51:35 - [INFO] - [io.github.selcukes.core.driver.GridRunner.startSelenium:43] - Selenium Server started...
01/24/2024 03:51:35 - [DEBUG] - [io.github.selcukes.testng.listeners.TestListener.onStart:35] - Command line test Execution started...
01/24/2024 03:51:35 - [WARNING] - [io.github.selcukes.commons.properties.SelcukesRuntime.loadOptions:88] - Failed to load selcukes properties. Using default CucumberOptions to execute...
01/24/2024 03:51:35 - [INFO] - [io.github.selcukes.core.driver.DriverFactory.create:65] - Creating new BROWSER session...
01/24/2024 03:51:35 - [DEBUG] - [io.github.selcukes.core.driver.WebManager.createDriver:38] - Initiating New Browser Session...
01/24/2024 03:51:35 - [INFO] - [io.github.selcukes.core.driver.WebManager.createDriver:53] - Starting Local WebDriver session...
01/24/2024 03:51:36 - [INFO] - [io.github.selcukes.core.driver.DriverFactory.create:65] - Creating new BROWSER session...
01/24/2024 03:51:36 - [DEBUG] - [io.github.selcukes.core.driver.WebManager.createDriver:38] - Initiating New Browser Session...
01/24/2024 03:51:36 - [INFO] - [io.github.selcukes.core.driver.WebManager.createDriver:53] - Starting Local WebDriver session...
01/24/2024 03:51:45 - [INFO] - [io.github.selcukes.core.tests.api.ApiTest.authTest:38] - Token is: QpwL5tke4Pnpja7X4
01/24/2024 03:51:45 - [DEBUG] - [io.github.selcukes.core.listener.ResourceCleanupProvider.beforeTest:45] - Before invocation of cookiesTest
01/24/2024 03:51:45 - [INFO] - [io.github.selcukes.core.listener.EventCapture.beforeGet:39] - Opening URL [https://the-internet.herokuapp.com/]
01/24/2024 03:51:46 - [INFO] - [io.github.selcukes.core.listener.EventCapture.beforeClick:49] - Clicking on JavaScript Alerts
01/24/2024 03:51:46 - [INFO] - [io.github.selcukes.core.validation.ObjectValidation.isEqualTo:34] - Verifying Object should be [optimizelyBuckets] 
01/24/2024 03:51:47 - [INFO] - [io.github.selcukes.core.validation.ObjectValidation.isEqualTo:34] - Verifying Object should be [0] 
01/24/2024 03:51:47 - [DEBUG] - [io.github.selcukes.core.listener.ResourceCleanupProvider.afterTest:55] - Cleanup Test Resource...
01/24/2024 03:51:47 - [INFO] - [io.github.selcukes.core.listener.EventCapture.afterQuit:71] - Driver closed
01/24/2024 03:51:47 - [DEBUG] - [io.github.selcukes.core.listener.ResourceCleanupProvider.beforeTest:45] - Before invocation of remoteWebTest
01/24/2024 03:51:47 - [INFO] - [io.github.selcukes.core.listener.EventCapture.beforeGet:39] - Opening URL [https://www.google.com/]
01/24/2024 03:51:47 - [INFO] - [io.github.selcukes.core.validation.PageValidations.title:39] - Verifying Page title should be [Google]
01/24/2024 03:51:47 - [INFO] - [io.github.selcukes.core.listener.EventCapture.afterGetTitle:34] - Page title is [Google]
01/24/2024 03:51:47 - [DEBUG] - [io.github.selcukes.core.listener.ResourceCleanupProvider.afterTest:55] - Cleanup Test Resource...
01/24/2024 03:51:47 - [INFO] - [io.github.selcukes.core.listener.EventCapture.afterQuit:71] - Driver closed
01/24/2024 03:51:47 - [INFO] - [io.github.selcukes.core.driver.DriverFactory.create:65] - Creating new BROWSER session...
01/24/2024 03:51:47 - [DEBUG] - [io.github.selcukes.core.driver.WebManager.createDriver:38] - Initiating New Browser Session...
01/24/2024 03:51:47 - [INFO] - [io.github.selcukes.core.driver.WebManager.createDriver:50] - Starting Remote WebDriver session...
01/24/2024 03:51:48 - [DEBUG] - [io.github.selcukes.core.listener.ResourceCleanupProvider.beforeTest:45] - Before invocation of testPrint
01/24/2024 03:51:48 - [INFO] - [io.github.selcukes.core.listener.EventCapture.beforeGet:39] - Opening URL [https://techyworks.blogspot.com/2022/03/get-browser-session-storage-data-using-selenium.html]
01/24/2024 03:51:49 - [DEBUG] - [io.github.selcukes.core.listener.ResourceCleanupProvider.afterTest:55] - Cleanup Test Resource...
01/24/2024 03:51:49 - [INFO] - [io.github.selcukes.core.listener.EventCapture.afterQuit:71] - Driver closed
01/24/2024 03:51:49 - [INFO] - [io.github.selcukes.core.listener.EventCapture.beforeGet:39] - Opening URL [https://techyworks.blogspot.com/]
01/24/2024 03:51:50 - [INFO] - [io.github.selcukes.core.validation.PageValidations.title:39] - Verifying Page title should be [Techy Works - Free Online Training Tutorials]
01/24/2024 03:51:50 - [INFO] - [io.github.selcukes.core.listener.EventCapture.afterGetTitle:34] - Page title is [Techy Works - Free Online Training Tutorials]
01/24/2024 03:51:50 - [INFO] - [io.github.selcukes.core.listener.EventCapture.beforeClick:49] - Clicking on xpath: //span[@class='show-search' or @class='show-mobile-search']
01/24/2024 03:51:50 - [INFO] - [io.github.selcukes.core.listener.EventCapture.beforeSendKeys:66] - Entering Text [selenium] in Search this blog Field
01/24/2024 03:51:51 - [INFO] - [io.github.selcukes.core.listener.EventCapture.afterQuit:71] - Driver closed
01/24/2024 03:51:51 - [DEBUG] - [io.github.selcukes.core.listener.ResourceCleanupProvider.beforeTest:45] - Before invocation of parallelBrowserTest
01/24/2024 03:51:51 - [DEBUG] - [io.github.selcukes.core.listener.ResourceCleanupProvider.beforeTest:45] - Before invocation of parallelBrowserTest
01/24/2024 03:51:51 - [DEBUG] - [io.github.selcukes.core.tests.web.ClassicGridTest.parallelBrowserTest:45] - In Parallel Test for chrome
01/24/2024 03:51:51 - [DEBUG] - [io.github.selcukes.core.tests.web.ClassicGridTest.parallelBrowserTest:45] - In Parallel Test for MicrosoftEdge
01/24/2024 03:51:51 - [INFO] - [io.github.selcukes.core.driver.DriverFactory.create:65] - Creating new BROWSER session...
01/24/2024 03:51:51 - [DEBUG] - [io.github.selcukes.core.driver.WebManager.createDriver:38] - Initiating New Browser Session...
01/24/2024 03:51:51 - [INFO] - [io.github.selcukes.core.driver.WebManager.createDriver:50] - Starting Remote WebDriver session...
01/24/2024 03:51:51 - [INFO] - [io.github.selcukes.core.listener.EventCapture.beforeGet:39] - Opening URL [https://www.google.com/]
01/24/2024 03:51:51 - [INFO] - [io.github.selcukes.core.driver.DriverFactory.create:65] - Creating new BROWSER session...
01/24/2024 03:51:51 - [DEBUG] - [io.github.selcukes.core.driver.WebManager.createDriver:38] - Initiating New Browser Session...
01/24/2024 03:51:51 - [INFO] - [io.github.selcukes.core.driver.WebManager.createDriver:50] - Starting Remote WebDriver session...
01/24/2024 03:51:51 - [INFO] - [io.github.selcukes.core.listener.EventCapture.beforeGet:39] - Opening URL [https://www.google.com/]
01/24/2024 03:51:52 - [INFO] - [io.github.selcukes.core.validation.PageValidations.title:39] - Verifying Page title should be [Google]
01/24/2024 03:51:52 - [INFO] - [io.github.selcukes.core.listener.EventCapture.afterGetTitle:34] - Page title is [Google]
01/24/2024 03:51:52 - [DEBUG] - [io.github.selcukes.core.listener.ResourceCleanupProvider.afterTest:55] - Cleanup Test Resource...
01/24/2024 03:51:52 - [INFO] - [io.github.selcukes.core.validation.PageValidations.title:39] - Verifying Page title should be [Google]
01/24/2024 03:51:52 - [INFO] - [io.github.selcukes.core.listener.EventCapture.afterGetTitle:34] - Page title is [Google]
01/24/2024 03:51:52 - [DEBUG] - [io.github.selcukes.core.listener.ResourceCleanupProvider.afterTest:55] - Cleanup Test Resource...
01/24/2024 03:51:52 - [INFO] - [io.github.selcukes.core.listener.EventCapture.afterQuit:71] - Driver closed
01/24/2024 03:51:52 - [INFO] - [io.github.selcukes.core.listener.EventCapture.afterQuit:71] - Driver closed
01/24/2024 03:51:53 - [INFO] - [io.github.selcukes.core.validation.PageValidations.title:39] - Verifying Page title should be [The Internet]
01/24/2024 03:51:54 - [INFO] - [io.github.selcukes.core.validation.ElementValidation.textAs:40] - Verifying element [xpath: .//*[@id='droppable']] should have text [Dropped!]
01/24/2024 03:51:54 - [INFO] - [io.github.selcukes.core.validation.ElementValidation.textAs:40] - Verifying element [css selector: #shadow_content] should have text [some text]
01/24/2024 03:51:55 - [INFO] - [io.github.selcukes.core.validation.Validation.failWithMessage:35] - TestNG-methods-2 - Error Message 1
01/24/2024 03:51:55 - [INFO] - [io.github.selcukes.core.validation.Validation.failWithMessage:35] - TestNG-methods-1 - Error Message 1
01/24/2024 03:51:55 - [INFO] - [io.github.selcukes.core.validation.Validation.failWithMessage:35] - TestNG-methods-3 - Error Message 1
01/24/2024 03:51:55 - [INFO] - [io.github.selcukes.core.validation.Validation.failWithMessage:35] - TestNG-methods-2 - Error Message 2
01/24/2024 03:51:55 - [INFO] - [io.github.selcukes.core.validation.Validation.failWithMessage:35] - TestNG-methods-3 - Error Message 2
01/24/2024 03:51:55 - [INFO] - [io.github.selcukes.core.validation.Validation.failWithMessage:35] - TestNG-methods-2 - Error Message 3
01/24/2024 03:51:55 - [INFO] - [io.github.selcukes.core.validation.Validation.failWithMessage:35] - TestNG-methods-3 - Error Message 3
01/24/2024 03:51:55 - [INFO] - [io.github.selcukes.core.validation.Validation.failWithMessage:35] - TestNG-methods-1 - Error Message 2
01/24/2024 03:51:55 - [INFO] - [io.github.selcukes.core.validation.Validation.failWithMessage:35] - TestNG-methods-1 - Error Message 3
01/24/2024 03:51:55 - [INFO] - [io.github.selcukes.core.validation.Validation.failWithMessage:35] - TestNG-methods-2 - Error Message 1
01/24/2024 03:51:55 - [INFO] - [io.github.selcukes.core.validation.Validation.failWithMessage:35] - TestNG-methods-3 - Error Message 1
01/24/2024 03:51:55 - [INFO] - [io.github.selcukes.core.validation.Validation.failWithMessage:35] - TestNG-methods-2 - Error Message 2
01/24/2024 03:51:55 - [INFO] - [io.github.selcukes.core.validation.Validation.failWithMessage:35] - TestNG-methods-3 - Error Message 2
01/24/2024 03:51:55 - [INFO] - [io.github.selcukes.core.validation.Validation.failWithMessage:35] - TestNG-methods-2 - Error Message 3
01/24/2024 03:51:55 - [INFO] - [io.github.selcukes.core.validation.Validation.failWithMessage:35] - TestNG-methods-3 - Error Message 3
01/24/2024 03:51:55 - [DEBUG] - [io.github.selcukes.testng.listeners.TestListener.onFinish:30] - Command line test Execution finished...
01/24/2024 03:51:55 - [DEBUG] - [io.github.selcukes.core.listener.ResourceCleanupProvider.afterSuite:40] - Test Suite Execution finished...
